14:52:40.353 [main] INFO  testCases.AccountRegistrationTest - ........test started.....
14:52:40.729 [main] INFO  testCases.AccountRegistrationTest - ...clicked on my account page
14:52:41.334 [main] INFO  testCases.AccountRegistrationTest - ...clicked on my registered page
14:52:43.209 [main] INFO  testCases.AccountRegistrationTest - ...validated message...
18:11:55.297 [main] INFO  testCases.AccountRegistrationTest - ........test started.....
18:11:55.714 [main] INFO  testCases.AccountRegistrationTest - ...clicked on my account page
18:11:56.545 [main] INFO  testCases.AccountRegistrationTest - ...clicked on my registered page
18:11:58.554 [main] INFO  testCases.AccountRegistrationTest - ...validated message...
18:18:28.095 [main] INFO  testCases.AccountRegistrationTest - ........test started.....
18:18:28.459 [main] INFO  testCases.AccountRegistrationTest - ...clicked on my account page
18:18:29.133 [main] INFO  testCases.AccountRegistrationTest - ...clicked on my registered page
18:18:30.689 [main] INFO  testCases.AccountRegistrationTest - ...validated message...
18:18:48.730 [main] INFO  testCases.AccountRegistrationTest - ........test started.....
18:18:49.065 [main] INFO  testCases.AccountRegistrationTest - ...clicked on my account page
18:18:49.699 [main] INFO  testCases.AccountRegistrationTest - ...clicked on my registered page
18:18:51.229 [main] INFO  testCases.AccountRegistrationTest - ...validated message...
12:13:14.874 [main] INFO  testCases.AccountRegistrationTest - ........test started.....
12:13:15.344 [main] INFO  testCases.AccountRegistrationTest - ...clicked on my account page
12:13:16.086 [main] INFO  testCases.AccountRegistrationTest - ...clicked on my registered page
12:13:17.684 [main] INFO  testCases.AccountRegistrationTest - ...validated message...
14:02:03.679 [main] INFO  testCases.TC002_LoginTest - ..starting....TC002_LoginTest....
14:08:52.376 [main] INFO  testCases.TC002_LoginTest - ..starting....TC002_LoginTest....
14:08:54.278 [main] INFO  testCases.TC002_LoginTest - ..finished..TC002_LoginTest....
15:13:25.361 [main] INFO  testCases.TC003_LoginDDT - ..starting....TC003_LoginDDT....
15:13:27.382 [main] INFO  testCases.TC003_LoginDDT - ..Finished....TC003_LoginDDT....
15:13:27.396 [main] INFO  testCases.TC003_LoginDDT - ..starting....TC003_LoginDDT....
15:13:37.710 [main] INFO  testCases.TC003_LoginDDT - ..starting....TC003_LoginDDT....
15:13:47.999 [main] INFO  testCases.TC003_LoginDDT - ..starting....TC003_LoginDDT....
15:13:58.309 [main] INFO  testCases.TC003_LoginDDT - ..starting....TC003_LoginDDT....
15:19:57.908 [main] INFO  testCases.TC003_LoginDDT - ..starting....TC003_LoginDDT....
15:19:59.860 [main] INFO  testCases.TC003_LoginDDT - ..Finished....TC003_LoginDDT....
15:19:59.876 [main] INFO  testCases.TC003_LoginDDT - ..starting....TC003_LoginDDT....
15:20:10.198 [main] INFO  testCases.TC003_LoginDDT - ..starting....TC003_LoginDDT....
15:20:20.470 [main] INFO  testCases.TC003_LoginDDT - ..starting....TC003_LoginDDT....
15:20:30.761 [main] INFO  testCases.TC003_LoginDDT - ..starting....TC003_LoginDDT....
15:22:10.409 [main] INFO  testCases.TC003_LoginDDT - ..starting....TC003_LoginDDT....
15:22:12.277 [main] INFO  testCases.TC003_LoginDDT - ..Finished....TC003_LoginDDT....
15:22:12.293 [main] INFO  testCases.TC003_LoginDDT - ..starting....TC003_LoginDDT....
15:22:22.616 [main] INFO  testCases.TC003_LoginDDT - ..starting....TC003_LoginDDT....
15:22:32.916 [main] INFO  testCases.TC003_LoginDDT - ..starting....TC003_LoginDDT....
15:22:43.204 [main] INFO  testCases.TC003_LoginDDT - ..starting....TC003_LoginDDT....
15:30:16.894 [main] INFO  testCases.TC003_LoginDDT - ..starting....TC003_LoginDDT....
15:30:19.005 [main] INFO  testCases.TC003_LoginDDT - ..Finished....TC003_LoginDDT....
15:30:19.012 [main] INFO  testCases.TC003_LoginDDT - ..starting....TC003_LoginDDT....
15:30:29.308 [main] INFO  testCases.TC003_LoginDDT - ..starting....TC003_LoginDDT....
15:30:37.236 [main] INFO  testCases.TC003_LoginDDT - ..starting....TC003_LoginDDT....
15:30:49.009 [main] INFO  testCases.TC003_LoginDDT - ..Finished....TC003_LoginDDT....
15:30:49.013 [main] INFO  testCases.TC003_LoginDDT - ..starting....TC003_LoginDDT....
15:31:00.784 [main] INFO  testCases.TC003_LoginDDT - ..Finished....TC003_LoginDDT....
15:33:39.590 [main] INFO  testCases.TC003_LoginDDT - ..starting....TC003_LoginDDT....
15:33:41.638 [main] INFO  testCases.TC003_LoginDDT - ..Finished....TC003_LoginDDT....
15:33:41.647 [main] INFO  testCases.TC003_LoginDDT - ..starting....TC003_LoginDDT....
15:33:51.950 [main] INFO  testCases.TC003_LoginDDT - ..starting....TC003_LoginDDT....
15:34:02.231 [main] INFO  testCases.TC003_LoginDDT - ..starting....TC003_LoginDDT....
15:34:12.544 [main] INFO  testCases.TC003_LoginDDT - ..starting....TC003_LoginDDT....
17:45:47.273 [main] INFO  testCases.TC003_LoginDDT - ..starting....TC003_LoginDDT....
17:45:49.503 [main] INFO  testCases.TC003_LoginDDT - ..Finished....TC003_LoginDDT....
