19:09:32.283 [main] INFO  testCases.TC001_AccountRegistrationTest - ........test started.....
19:09:32.650 [main] INFO  testCases.TC001_AccountRegistrationTest - ...clicked on my account page
19:09:34.172 [main] INFO  testCases.TC001_AccountRegistrationTest - ...clicked on my registered page
19:09:36.155 [main] INFO  testCases.TC001_AccountRegistrationTest - ...validated message...
21:22:15.006 [main] INFO  testCases.TC002_LoginTest - ..starting....TC002_LoginTest....
21:22:39.148 [main] INFO  testCases.TC003_LoginDDT - ..starting....TC003_LoginDDT....
21:22:41.229 [main] INFO  testCases.TC003_LoginDDT - ..Finished....TC003_LoginDDT....
21:22:41.236 [main] INFO  testCases.TC003_LoginDDT - ..starting....TC003_LoginDDT....
21:22:51.669 [main] INFO  testCases.TC003_LoginDDT - ..starting....TC003_LoginDDT....
21:23:02.056 [main] INFO  testCases.TC003_LoginDDT - ..starting....TC003_LoginDDT....
21:23:12.479 [main] INFO  testCases.TC003_LoginDDT - ..starting....TC003_LoginDDT....
13:12:59.564 [main] INFO  testCases.TC002_LoginTest - ..starting....TC002_LoginTest....
13:13:01.572 [main] INFO  testCases.TC002_LoginTest - ..finished..TC002_LoginTest....
13:13:17.474 [main] INFO  testCases.TC003_LoginDDT - ..starting....TC003_LoginDDT....
13:13:19.737 [main] INFO  testCases.TC003_LoginDDT - ..Finished....TC003_LoginDDT....
13:13:19.737 [main] INFO  testCases.TC003_LoginDDT - ..starting....TC003_LoginDDT....
13:13:30.217 [main] INFO  testCases.TC003_LoginDDT - ..starting....TC003_LoginDDT....
13:13:40.657 [main] INFO  testCases.TC003_LoginDDT - ..starting....TC003_LoginDDT....
13:13:51.095 [main] INFO  testCases.TC003_LoginDDT - ..starting....TC003_LoginDDT....
13:35:22.768 [main] INFO  testCases.TC002_LoginTest - ..starting....TC002_LoginTest....
13:35:24.644 [main] INFO  testCases.TC002_LoginTest - ..finished..TC002_LoginTest....
15:04:49.650 [main] INFO  testCases.TC002_LoginTest - ..starting....TC002_LoginTest....
15:19:56.419 [main] INFO  testCases.TC002_LoginTest - ..starting....TC002_LoginTest....
15:22:53.295 [main] INFO  testCases.TC002_LoginTest - ..starting....TC002_LoginTest....
15:30:13.944 [main] INFO  testCases.TC002_LoginTest - ..starting....TC002_LoginTest....
16:03:22.801 [main] INFO  testCases.TC002_LoginTest - ..starting....TC002_LoginTest....
16:03:25.528 [main] INFO  testCases.TC002_LoginTest - ..finished..TC002_LoginTest....
16:13:41.305 [main] INFO  testCases.TC001_AccountRegistrationTest - ........test started.....
16:13:41.803 [main] INFO  testCases.TC001_AccountRegistrationTest - ...clicked on my account page
16:13:42.511 [main] INFO  testCases.TC001_AccountRegistrationTest - ...clicked on my registered page
16:13:44.275 [main] INFO  testCases.TC001_AccountRegistrationTest - ...validated message...
16:17:06.645 [main] INFO  testCases.TC002_LoginTest - ..starting....TC002_LoginTest....
16:17:08.562 [main] INFO  testCases.TC002_LoginTest - ..finished..TC002_LoginTest....
16:25:24.369 [main] INFO  testCases.TC001_AccountRegistrationTest - ........test started.....
16:25:24.852 [main] INFO  testCases.TC001_AccountRegistrationTest - ...clicked on my account page
16:25:26.006 [main] INFO  testCases.TC001_AccountRegistrationTest - ...clicked on my registered page
16:25:27.928 [main] INFO  testCases.TC001_AccountRegistrationTest - ...validated message...
18:46:02.070 [main] INFO  testCases.TC001_AccountRegistrationTest - ........test started.....
18:46:02.618 [main] INFO  testCases.TC001_AccountRegistrationTest - ...clicked on my account page
18:46:03.466 [main] INFO  testCases.TC001_AccountRegistrationTest - ...clicked on my registered page
18:46:05.356 [main] INFO  testCases.TC001_AccountRegistrationTest - ...validated message...
18:49:30.980 [main] INFO  testCases.TC002_LoginTest - ..starting....TC002_LoginTest....
18:49:32.714 [main] INFO  testCases.TC002_LoginTest - ..finished..TC002_LoginTest....
13:06:24.763 [main] INFO  testCases.TC002_LoginTest - ..starting....TC002_LoginTest....
13:06:26.962 [main] INFO  testCases.TC002_LoginTest - ..finished..TC002_LoginTest....
13:07:11.214 [main] INFO  testCases.TC002_LoginTest - ..starting....TC002_LoginTest....
13:07:13.433 [main] INFO  testCases.TC002_LoginTest - ..finished..TC002_LoginTest....
14:40:05.957 [main] INFO  testCases.TC002_LoginTest - ..starting....TC002_LoginTest....
14:40:08.047 [main] INFO  testCases.TC002_LoginTest - ..finished..TC002_LoginTest....
