17:03:20.733 [main] INFO  testCases.TC002_LoginTest - ..finished..TC002_LoginTest....
17:03:31.310 [main] INFO  testCases.TC001_AccountRegistrationTest - ........test started.....
17:03:31.659 [main] INFO  testCases.TC001_AccountRegistrationTest - ...clicked on my account page
17:03:32.288 [main] INFO  testCases.TC001_AccountRegistrationTest - ...clicked on my registered page
17:03:33.769 [main] INFO  testCases.TC001_AccountRegistrationTest - ...validated message...
18:06:23.865 [main] INFO  testCases.TC002_LoginTest - ..starting....TC002_LoginTest....
18:06:26.104 [main] INFO  testCases.TC002_LoginTest - ..finished..TC002_LoginTest....
18:06:36.541 [main] INFO  testCases.TC001_AccountRegistrationTest - ........test started.....
18:06:36.849 [main] INFO  testCases.TC001_AccountRegistrationTest - ...clicked on my account page
18:06:37.484 [main] INFO  testCases.TC001_AccountRegistrationTest - ...clicked on my registered page
18:06:39.027 [main] INFO  testCases.TC001_AccountRegistrationTest - ...validated message...
18:08:46.418 [main] INFO  testCases.TC002_LoginTest - ..starting....TC002_LoginTest....
18:08:48.236 [main] INFO  testCases.TC002_LoginTest - ..finished..TC002_LoginTest....
18:08:58.471 [main] INFO  testCases.TC001_AccountRegistrationTest - ........test started.....
18:08:58.772 [main] INFO  testCases.TC001_AccountRegistrationTest - ...clicked on my account page
18:08:59.375 [main] INFO  testCases.TC001_AccountRegistrationTest - ...clicked on my registered page
18:09:01.043 [main] INFO  testCases.TC001_AccountRegistrationTest - ...validated message...
18:10:38.523 [main] INFO  testCases.TC002_LoginTest - ..starting....TC002_LoginTest....
18:10:40.277 [main] INFO  testCases.TC002_LoginTest - ..finished..TC002_LoginTest....
18:10:51.976 [main] INFO  testCases.TC001_AccountRegistrationTest - ........test started.....
18:10:52.319 [main] INFO  testCases.TC001_AccountRegistrationTest - ...clicked on my account page
18:10:53.111 [main] INFO  testCases.TC001_AccountRegistrationTest - ...clicked on my registered page
18:10:54.711 [main] INFO  testCases.TC001_AccountRegistrationTest - ...validated message...
18:28:23.009 [main] INFO  testCases.TC002_LoginTest - ..starting....TC002_LoginTest....
18:28:24.904 [main] INFO  testCases.TC002_LoginTest - ..finished..TC002_LoginTest....
18:28:37.837 [main] INFO  testCases.TC001_AccountRegistrationTest - ........test started.....
18:28:38.167 [main] INFO  testCases.TC001_AccountRegistrationTest - ...clicked on my account page
18:28:39.167 [main] INFO  testCases.TC001_AccountRegistrationTest - ...clicked on my registered page
18:28:41.082 [main] INFO  testCases.TC001_AccountRegistrationTest - ...validated message...
18:37:51.133 [main] INFO  testCases.TC002_LoginTest - ..starting....TC002_LoginTest....
18:37:52.967 [main] INFO  testCases.TC002_LoginTest - ..finished..TC002_LoginTest....
18:38:03.235 [main] INFO  testCases.TC001_AccountRegistrationTest - ........test started.....
18:38:03.534 [main] INFO  testCases.TC001_AccountRegistrationTest - ...clicked on my account page
18:38:04.157 [main] INFO  testCases.TC001_AccountRegistrationTest - ...clicked on my registered page
18:38:05.704 [main] INFO  testCases.TC001_AccountRegistrationTest - ...validated message...
18:40:59.945 [main] INFO  testCases.TC002_LoginTest - ..starting....TC002_LoginTest....
18:41:23.059 [main] INFO  testCases.TC001_AccountRegistrationTest - ........test started.....
18:41:23.477 [main] INFO  testCases.TC001_AccountRegistrationTest - ...clicked on my account page
18:41:34.388 [main] INFO  testCases.TC001_AccountRegistrationTest - ...clicked on my registered page
18:41:36.731 [main] INFO  testCases.TC001_AccountRegistrationTest - ...validated message...
18:48:48.870 [main] INFO  testCases.TC002_LoginTest - ..starting....TC002_LoginTest....
18:48:50.622 [main] INFO  testCases.TC002_LoginTest - ..finished..TC002_LoginTest....
18:49:03.669 [main] INFO  testCases.TC001_AccountRegistrationTest - ........test started.....
18:49:04.016 [main] INFO  testCases.TC001_AccountRegistrationTest - ...clicked on my account page
18:49:04.862 [main] INFO  testCases.TC001_AccountRegistrationTest - ...clicked on my registered page
18:49:06.844 [main] INFO  testCases.TC001_AccountRegistrationTest - ...validated message...
19:02:10.416 [main] INFO  testCases.TC002_LoginTest - ..starting....TC002_LoginTest....
19:02:12.319 [main] INFO  testCases.TC002_LoginTest - ..finished..TC002_LoginTest....
19:02:22.906 [main] INFO  testCases.TC001_AccountRegistrationTest - ........test started.....
19:02:23.212 [main] INFO  testCases.TC001_AccountRegistrationTest - ...clicked on my account page
19:02:23.855 [main] INFO  testCases.TC001_AccountRegistrationTest - ...clicked on my registered page
19:02:25.394 [main] INFO  testCases.TC001_AccountRegistrationTest - ...validated message...
19:09:12.839 [main] INFO  testCases.TC002_LoginTest - ..starting....TC002_LoginTest....
19:09:17.405 [main] INFO  testCases.TC002_LoginTest - ..finished..TC002_LoginTest....
